[2026-05-27 06:18:49] SHUVO BOT started — PID 1026
[2026-05-27 06:23:46] SHUVO BOT started — PID 1626
[2026-05-27 06:28:32] SHUVO BOT started — PID 1994
[2026-05-27 06:35:01] SHUVO BOT started — PID 2593
[2026-05-27 06:41:00] SHUVO BOT started — PID 3075
[2026-05-27 06:59:46] SHUVO BOT started — PID 3873
[2026-05-27 07:09:26] SHUVO BOT started — PID 5385
[2026-05-27 07:13:07] SHUVO BOT started — PID 5709
[2026-05-27 07:19:54] SHUVO BOT started — PID 6390
[2026-05-27 07:54:38] SHUVO BOT started — PID 201
[2026-05-27 10:22:03] SHUVO BOT started — PID 196
[2026-05-27 10:23:22] NEW USER: 6432036526 (@ZoroxModzz | Zoro) joined
[2026-05-29 04:49:39] SHUVO BOT started — PID 210
[2026-05-29 04:52:04] SHUVO BOT started — PID 475
[2026-05-29 04:53:46] SHUVO BOT started — PID 638
[2026-05-29 05:20:20] SHUVO BOT started — PID 1077
[2026-05-29 05:30:07] SHUVO BOT started — PID 1371
[2026-05-29 05:33:43] SHUVO BOT started — PID 1655
[2026-05-29 05:35:23] NEW USER: 5804757182 (@MAHIN9902 | ＭＡＨＩＮ ＢＲＯ) joined
[2026-05-29 15:15:02] SHUVO BOT started — PID 206
[2026-05-29 15:20:33] SHUVO BOT started — PID 433
[2026-05-29 15:24:57] SHUVO BOT started — PID 689
[2026-05-29 15:44:03] NEW USER: 7648559171 (@KOMAL_MODZ | 🦋⃝⃝ ᴹⁱˢˢ KOMAL ♛ 💠) joined
[2026-05-29 15:57:08] SHUVO BOT started — PID 171
[2026-05-30 05:48:16] SHUVO BOT started — PID 165
[2026-05-30 05:58:41] SHUVO BOT started — PID 599
[2026-05-30 06:07:03] NEW USER: 8541159309 (@papaji_shiraz | 🗽ʳⁱˢᵠᵘᵉ 𝙊𝙒𝙉𝙀𝙍) joined
[2026-05-30 06:08:07] SHUVO BOT started — PID 1001
[2026-05-30 06:11:47] SHUVO BOT started — PID 1256
[2026-05-30 06:17:51] SHUVO BOT started — PID 1751
[2026-05-30 06:19:09] SHUVO BOT started — PID 2058
[2026-05-30 06:20:30] [ADDADMIN] Admin 8600328303 promoted 5551188436 to admin
[2026-05-30 06:22:59] SHUVO BOT started — PID 2350
[2026-05-30 06:29:35] NEW USER: 8501176328 (@LUFFY_497 | ⏤͟͞꫟┊𝗟𝗨𝗙𝗙𝗬 !!) joined
[2026-05-30 06:37:08] SHUVO BOT started — PID 2932
[2026-05-30 06:39:08] [GIVEAWAY] 0756fc05 claimed by 8600328303 (@Shuvobhai) — 💎 1 Credits
[2026-05-30 06:40:26] [ADDADMIN] Admin 8600328303 promoted 7981894574 to admin
[2026-05-30 06:44:38] SHUVO BOT started — PID 3232
[2026-05-30 07:11:24] SHUVO BOT started — PID 3981
[2026-05-30 07:28:15] NEW USER: 5547725490 (@ll_NOT_EXE_ll | °• 𝐍ᴏᴛ ⁝ 𝐄xᴇ ⚚ ➠) joined
[2026-05-30 07:42:49] SHUVO BOT started — PID 169
[2026-06-03 16:48:58] SHUVO BOT started — PID 907
[2026-06-03 17:20:23] SHUVO BOT started — PID 1445
[2026-06-03 17:21:52] SHUVO BOT started — PID 1627
[2026-06-03 17:25:34] SHUVO BOT started — PID 1999
[2026-06-03 17:47:21] SHUVO BOT started — PID 2558
[2026-06-03 17:54:13] NEW USER: 7062700056 (@gameovermusic | Gameover) joined
[2026-06-03 17:58:40] SHUVO BOT started — PID 3080
[2026-06-03 18:00:10] SHUVO BOT started — PID 3442
[2026-06-03 18:03:02] SHUVO BOT started — PID 3790
[2026-06-03 18:07:51] SHUVO BOT started — PID 4264
[2026-06-03 18:18:36] SHUVO BOT started — PID 660
[2026-06-03 18:24:05] SHUVO BOT started — PID 1082
[2026-06-03 18:28:01] SHUVO BOT started — PID 1412
[2026-06-03 18:35:47] SHUVO BOT started — PID 2005
[2026-06-03 18:41:09] SHUVO BOT started — PID 2416
[2026-06-04 04:24:27] SHUVO BOT started — PID 422
[2026-06-04 04:28:21] SHUVO BOT started — PID 771
[2026-06-04 04:34:05] SHUVO BOT started — PID 1132
[2026-06-04 04:36:49] SHUVO BOT started — PID 1411
[2026-06-04 04:38:01] SHUVO BOT started — PID 1628
[2026-06-04 04:40:36] SHUVO BOT started — PID 1966
[2026-06-04 04:46:47] SHUVO BOT started — PID 2236
[2026-06-04 04:51:24] SHUVO BOT started — PID 2721
[2026-06-04 04:55:59] SHUVO BOT started — PID 3050
[2026-06-04 04:58:24] SHUVO BOT started — PID 3299
[2026-06-05 05:39:40] SHUVO BOT started — PID 494
[2026-06-05 05:41:54] SHUVO BOT started — PID 759
[2026-06-05 05:51:31] SHUVO BOT started — PID 1079
[2026-06-05 05:54:32] SHUVO BOT started — PID 1302
[2026-06-05 05:57:30] SHUVO BOT started — PID 1525
[2026-06-05 06:01:06] SHUVO BOT started — PID 1748
[2026-06-05 06:07:13] SHUVO BOT started — PID 2228
[2026-06-05 06:10:15] SHUVO BOT started — PID 2501
[2026-06-05 06:13:36] SHUVO BOT started — PID 2787
[2026-06-05 06:24:33] SHUVO BOT started — PID 3089
[2026-06-05 06:31:36] NEW USER: 8880334314 (@SANIYA690 | DUKH) joined
[2026-06-05 16:49:11] SHUVO BOT started — PID 189
[2026-06-05 20:33:41] SHUVO BOT started — PID 1185
[2026-06-05 20:39:41] SHUVO BOT started — PID 1580
[2026-06-05 20:45:56] [GEN] Admin 8600328303 added 999999999 credits to user 7066330721 (balance: 1000000001)
[2026-06-05 20:55:41] SHUVO BOT started — PID 2074
[2026-06-05 20:56:03] SHUVO BOT started — PID 2217
[2026-06-06 03:45:56] SHUVO BOT started — PID 211
[2026-06-06 03:50:07] SHUVO BOT started — PID 426
[2026-06-06 03:59:27] SHUVO BOT started — PID 876
[2026-06-06 04:06:36] SHUVO BOT started — PID 1254
[2026-06-06 04:08:13] SHUVO BOT started — PID 1483
[2026-06-06 04:10:08] SHUVO BOT started — PID 1717
[2026-06-06 04:15:40] SHUVO BOT started — PID 1947
[2026-06-06 04:17:45] SHUVO BOT started — PID 2279
[2026-06-06 04:20:34] SHUVO BOT started — PID 2502
[2026-06-06 07:25:37] SHUVO BOT started — PID 199
[2026-06-06 13:21:09] SHUVO BOT started — PID 285
[2026-06-06 13:49:13] SHUVO BOT started — PID 633
[2026-06-06 13:57:56] SHUVO BOT started — PID 1313
[2026-06-06 14:07:38] SHUVO BOT started — PID 1789
[2026-06-06 14:09:54] SHUVO BOT started — PID 2057
[2026-06-06 14:11:54] SHUVO BOT started — PID 2328
[2026-06-06 14:13:02] SHUVO BOT started — PID 2618
[2026-06-06 14:13:50] SHUVO BOT started — PID 2854
[2026-06-06 14:40:23] SHUVO BOT started — PID 3271
[2026-06-06 15:05:03] NEW USER: 6393629689 (@NARUTO_UZUMAKI178 | ╰⚔️╮Nαrυтσ x Aυrα╭⚔️╯) joined
[2026-06-06 15:13:57] SHUVO BOT started — PID 3910
[2026-06-06 15:38:41] SHUVO BOT started — PID 166
[2026-06-06 15:50:25] SHUVO BOT started — PID 1115
[2026-06-06 18:39:10] SHUVO BOT started — PID 191
[2026-06-06 18:48:30] SHUVO BOT started — PID 1338
[2026-06-06 19:11:10] SHUVO BOT started — PID 2519
[2026-06-06 19:17:27] SHUVO BOT started — PID 3019
[2026-06-06 19:46:19] SHUVO BOT started — PID 3472
[2026-06-06 19:49:29] SHUVO BOT started — PID 195
[2026-06-06 19:51:19] SHUVO BOT started — PID 454
[2026-06-06 20:03:53] SHUVO BOT started — PID 179
[2026-06-06 20:05:49] SHUVO BOT started — PID 451
[2026-06-07 02:53:36] SHUVO BOT started — PID 181
[2026-06-07 02:57:16] SHUVO BOT started — PID 707
[2026-06-07 05:54:46] SHUVO BOT started — PID 1272
[2026-06-07 06:35:55] SHUVO BOT started — PID 208
[2026-06-07 06:39:36] SHUVO BOT started — PID 496
[2026-06-07 06:45:16] SHUVO BOT started — PID 929
[2026-06-07 06:49:32] SHUVO BOT started — PID 1438
[2026-06-07 07:00:43] [BAN] Admin 8600328303 banned user met
[2026-06-07 07:09:16] [BAN] Admin 7981894574 banned user @Auraseller1
[2026-06-07 07:11:10] SHUVO BOT started — PID 1816
[2026-06-07 07:15:31] SHUVO BOT started — PID 2169
[2026-06-07 07:21:31] SHUVO BOT started — PID 2639
[2026-06-07 07:28:48] SHUVO BOT started — PID 3229
[2026-06-07 15:06:36] SHUVO BOT started — PID 116
[2026-06-08 09:02:04] SHUVO BOT started — PID 150
[2026-06-08 11:49:08] SHUVO BOT started — PID 188
[2026-06-08 12:20:58] SHUVO BOT started — PID 173
[2026-06-09 08:53:09] SHUVO BOT started — PID 117
[2026-06-09 14:10:14] SHUVO BOT started — PID 168
[2026-06-09 14:53:18] SHUVO BOT started — PID 1060
[2026-06-09 14:58:20] SHUVO BOT started — PID 1661
[2026-06-09 15:00:08] SHUVO BOT started — PID 2000
[2026-06-09 15:03:17] SHUVO BOT started — PID 2368
[2026-06-09 15:13:17] SHUVO BOT started — PID 2891
[2026-06-09 15:19:59] SHUVO BOT started — PID 3538
[2026-06-09 17:56:28] LOG_SEND_ERROR: Document_invalid
[2026-06-09 17:56:34] LOG_SEND_ERROR: Document_invalid
[2026-06-09 17:56:34] NEW USER: 8267149773 (@RAJPUTBOY66 | 𝐈𝐍𝐃—͟͟͞͞𝗧𝗛𝗔𝗞𝗨𝗥 ❤‍🔥) joined
[2026-06-09 17:56:35] LOG_SEND_ERROR: Document_invalid
[2026-06-09 17:56:59] LOG_SEND_ERROR: Document_invalid
[2026-06-09 17:57:10] LOG_SEND_ERROR: Document_invalid
[2026-06-09 17:57:16] LOG_SEND_ERROR: Document_invalid
[2026-06-09 17:57:45] LOG_SEND_ERROR: Document_invalid
[2026-06-09 17:58:38] LOG_SEND_ERROR: Document_invalid
[2026-06-09 17:59:45] LOG_SEND_ERROR: Document_invalid
[2026-06-09 18:00:26] LOG_SEND_ERROR: Document_invalid
[2026-06-09 18:01:00] LOG_SEND_ERROR: Document_invalid
[2026-06-09 18:12:04] LOG_SEND_ERROR: Document_invalid
[2026-06-09 18:12:13] LOG_SEND_ERROR: Document_invalid
[2026-06-09 18:18:50] LOG_SEND_ERROR: Document_invalid
[2026-06-09 18:19:15] LOG_SEND_ERROR: Document_invalid
[2026-06-09 18:19:59] NEW USER: 6667245145 (@shivam3214568 | PLEEJ DEDO BHAI Shub pleej) joined
[2026-06-09 18:19:59] LOG_SEND_ERROR: Document_invalid
[2026-06-09 18:20:26] LOG_SEND_ERROR: Document_invalid
[2026-06-09 18:20:33] LOG_SEND_ERROR: Document_invalid
[2026-06-09 18:21:30] NEW USER: 8733990988 (@Sayleader | ✞︎ 𝐋ᴇ𝐀ᴅᴇ𝐑 ✞︎) joined
[2026-06-09 18:21:30] LOG_SEND_ERROR: Document_invalid
[2026-06-09 18:22:07] LOG_SEND_ERROR: Document_invalid
[2026-06-09 18:22:19] LOG_SEND_ERROR: Document_invalid
[2026-06-09 18:22:25] LOG_SEND_ERROR: Document_invalid
[2026-06-09 18:22:28] LOG_SEND_ERROR: Document_invalid
[2026-06-09 18:23:15] LOG_SEND_ERROR: Document_invalid
[2026-06-09 18:24:00] LOG_SEND_ERROR: Document_invalid
[2026-06-09 18:24:15] LOG_SEND_ERROR: Document_invalid
[2026-06-09 18:24:18] LOG_SEND_ERROR: Document_invalid
[2026-06-09 18:24:42] LOG_SEND_ERROR: Document_invalid
[2026-06-09 18:24:46] LOG_SEND_ERROR: Document_invalid
[2026-06-09 18:25:09] LOG_SEND_ERROR: Document_invalid
[2026-06-09 18:25:34] LOG_SEND_ERROR: Document_invalid
[2026-06-09 18:25:40] LOG_SEND_ERROR: Document_invalid
[2026-06-09 18:26:13] LOG_SEND_ERROR: Document_invalid
[2026-06-09 18:28:45] LOG_SEND_ERROR: Document_invalid
[2026-06-09 18:29:15] LOG_SEND_ERROR: Document_invalid
[2026-06-09 18:29:38] LOG_SEND_ERROR: Document_invalid
[2026-06-09 18:32:10] LOG_SEND_ERROR: Document_invalid
[2026-06-09 18:32:58] LOG_SEND_ERROR: Document_invalid
[2026-06-09 18:33:47] LOG_SEND_ERROR: Document_invalid
[2026-06-09 18:34:17] LOG_SEND_ERROR: Document_invalid
[2026-06-09 18:35:07] LOG_SEND_ERROR: Document_invalid
[2026-06-09 18:35:29] LOG_SEND_ERROR: Document_invalid
[2026-06-09 18:35:54] LOG_SEND_ERROR: Document_invalid
[2026-06-09 18:36:21] LOG_SEND_ERROR: Document_invalid
[2026-06-09 18:36:54] LOG_SEND_ERROR: Document_invalid
[2026-06-09 18:43:35] LOG_SEND_ERROR: Document_invalid
[2026-06-09 18:57:24] LOG_SEND_ERROR: Document_invalid
[2026-06-09 18:57:39] LOG_SEND_ERROR: Document_invalid
[2026-06-09 18:58:10] LOG_SEND_ERROR: Document_invalid
[2026-06-09 18:58:30] LOG_SEND_ERROR: Document_invalid
[2026-06-09 18:58:48] LOG_SEND_ERROR: Document_invalid
[2026-06-09 18:59:23] LOG_SEND_ERROR: Document_invalid
[2026-06-09 18:59:39] LOG_SEND_ERROR: Document_invalid
[2026-06-09 19:00:05] LOG_SEND_ERROR: Document_invalid
[2026-06-09 19:00:27] LOG_SEND_ERROR: Document_invalid
[2026-06-09 19:01:44] LOG_SEND_ERROR: Document_invalid
[2026-06-09 19:02:15] LOG_SEND_ERROR: Document_invalid
[2026-06-09 19:02:41] LOG_SEND_ERROR: Document_invalid
[2026-06-09 19:03:11] LOG_SEND_ERROR: Document_invalid
[2026-06-09 19:03:29] LOG_SEND_ERROR: Document_invalid
[2026-06-09 19:03:38] LOG_SEND_ERROR: Document_invalid
[2026-06-09 19:04:01] LOG_SEND_ERROR: Document_invalid
[2026-06-09 19:05:10] LOG_SEND_ERROR: Document_invalid
[2026-06-09 19:05:34] LOG_SEND_ERROR: Document_invalid
[2026-06-09 19:07:25] LOG_SEND_ERROR: Document_invalid
[2026-06-09 19:13:10] LOG_SEND_ERROR: Document_invalid
[2026-06-09 19:13:31] LOG_SEND_ERROR: Document_invalid
[2026-06-09 19:23:27] LOG_SEND_ERROR: Document_invalid
[2026-06-09 19:23:36] LOG_SEND_ERROR: Document_invalid
[2026-06-09 19:23:56] NEW USER: 7137926841 (@Nft2g | ᯓ꯭͓͓̽𓆰͓𝅃꯭꯭͓᳚ 𝖢꯭͓ ꯭ᴧ͓፝֠֩͠ ꯭ʀ͓ ꯭𝛆͓ ꯭ℓ͓ 𝛆꯭͓፝֠֩ 𝛅͓ ꯭𝛅͓ 𝅃꯭꯭͓᳚𓆪͓) joined
[2026-06-09 19:23:56] LOG_SEND_ERROR: Document_invalid
[2026-06-09 19:24:36] LOG_SEND_ERROR: Document_invalid
[2026-06-09 19:25:00] LOG_SEND_ERROR: Document_invalid
[2026-06-09 19:27:10] LOG_SEND_ERROR: Document_invalid
[2026-06-09 19:28:42] LOG_SEND_ERROR: Document_invalid
[2026-06-09 19:28:53] LOG_SEND_ERROR: Document_invalid
[2026-06-09 19:29:04] LOG_SEND_ERROR: Document_invalid
[2026-06-09 19:30:35] LOG_SEND_ERROR: Document_invalid
[2026-06-09 19:30:39] LOG_SEND_ERROR: Document_invalid
[2026-06-09 19:30:56] LOG_SEND_ERROR: Document_invalid
[2026-06-09 19:31:02] LOG_SEND_ERROR: Document_invalid
[2026-06-09 19:31:29] LOG_SEND_ERROR: Document_invalid
[2026-06-09 19:32:27] LOG_SEND_ERROR: Document_invalid
[2026-06-10 07:48:20] SHUVO BOT started — PID 135
[2026-06-10 07:51:13] SHUVO BOT started — PID 471
[2026-06-10 07:59:59] SHUVO BOT started — PID 1222
[2026-06-10 08:06:48] SHUVO BOT started — PID 1605
[2026-06-10 12:33:51] SHUVO BOT started — PID 251
[2026-06-10 12:39:42] SHUVO BOT started — PID 616
[2026-06-10 12:45:07] SHUVO BOT started — PID 952
[2026-06-10 15:40:59] SHUVO BOT started — PID 272
[2026-06-10 16:01:20] SHUVO BOT started — PID 227
[2026-06-10 16:19:06] SHUVO BOT started — PID 1973
[2026-06-10 16:25:28] NEW USER: 7541692768 (@Lostofshiv | Masoom) joined
[2026-06-10 16:25:28] LOG_SEND_ERROR: Document_invalid
[2026-06-10 16:35:04] SHUVO BOT started — PID 209
[2026-06-10 16:39:25] SHUVO BOT started — PID 512
[2026-06-10 16:42:46] LOG_SEND_ERROR: Document_invalid
[2026-06-10 16:42:52] LOG_SEND_ERROR: Document_invalid
[2026-06-10 16:45:58] LOG_SEND_ERROR: Document_invalid
[2026-06-10 16:49:22] SHUVO BOT started — PID 1033
[2026-06-10 16:56:59] LOG_SEND_ERROR: Document_invalid
[2026-06-10 16:57:00] LOG_SEND_ERROR: Document_invalid
[2026-06-10 16:57:15] LOG_SEND_ERROR: Document_invalid
[2026-06-10 17:02:46] SHUVO BOT started — PID 1483
[2026-06-10 17:20:36] SHUVO BOT started — PID 2034
[2026-06-10 17:25:41] LOG_SEND_ERROR: Document_invalid
[2026-06-10 17:25:49] LOG_SEND_ERROR: Document_invalid
[2026-06-10 17:25:59] LOG_SEND_ERROR: Document_invalid
[2026-06-10 17:26:58] LOG_SEND_ERROR: Document_invalid
[2026-06-10 17:30:54] LOG_SEND_ERROR: Document_invalid
[2026-06-10 17:51:45] SHUVO BOT started — PID 182
[2026-06-11 04:23:13] SHUVO BOT started — PID 200
[2026-06-11 04:25:10] SHUVO BOT started — PID 384
[2026-06-11 04:28:53] SHUVO BOT started — PID 674
[2026-06-11 04:36:32] SHUVO BOT started — PID 1015
[2026-06-11 04:57:29] SHUVO BOT started — PID 1630
[2026-06-11 04:58:04] LOG_SEND_ERROR: Document_invalid
[2026-06-11 04:58:40] LOG_SEND_ERROR: Document_invalid
[2026-06-11 04:59:07] LOG_SEND_ERROR: Document_invalid
[2026-06-11 04:59:32] LOG_SEND_ERROR: Document_invalid
[2026-06-11 04:59:54] LOG_SEND_ERROR: Document_invalid
[2026-06-11 05:00:10] LOG_SEND_ERROR: Document_invalid
[2026-06-11 05:00:42] LOG_SEND_ERROR: Document_invalid
[2026-06-11 05:01:28] LOG_SEND_ERROR: Document_invalid
[2026-06-11 05:01:47] LOG_SEND_ERROR: Document_invalid
[2026-06-11 05:02:45] LOG_SEND_ERROR: Document_invalid
[2026-06-11 05:03:47] LOG_SEND_ERROR: Document_invalid
[2026-06-11 05:04:10] LOG_SEND_ERROR: Document_invalid
[2026-06-11 05:06:24] LOG_SEND_ERROR: Document_invalid
[2026-06-11 05:08:40] LOG_SEND_ERROR: Document_invalid
[2026-06-11 05:08:54] LOG_SEND_ERROR: Document_invalid
[2026-06-11 05:09:06] LOG_SEND_ERROR: Document_invalid
[2026-06-11 05:09:22] SHUVO BOT started — PID 1954
[2026-06-11 05:09:35] LOG_SEND_ERROR: Document_invalid
[2026-06-11 05:10:02] LOG_SEND_ERROR: Document_invalid
[2026-06-11 05:12:20] SHUVO BOT started — PID 2207
[2026-06-11 05:13:41] LOG_SEND_ERROR: Document_invalid
[2026-06-11 05:14:35] LOG_SEND_ERROR: Document_invalid
[2026-06-11 05:14:51] LOG_SEND_ERROR: Document_invalid
[2026-06-11 05:15:27] LOG_SEND_ERROR: Document_invalid
[2026-06-11 05:15:46] LOG_SEND_ERROR: Document_invalid
[2026-06-11 05:16:38] LOG_SEND_ERROR: Document_invalid
[2026-06-11 05:16:59] LOG_SEND_ERROR: Document_invalid
[2026-06-11 05:17:40] LOG_SEND_ERROR: Document_invalid
[2026-06-11 05:19:00] LOG_SEND_ERROR: Document_invalid
[2026-06-11 05:22:56] SHUVO BOT started — PID 2614
[2026-06-11 05:27:59] LOG_SEND_ERROR: Document_invalid
[2026-06-11 05:29:36] LOG_SEND_ERROR: Document_invalid
[2026-06-11 05:31:29] LOG_SEND_ERROR: Document_invalid
[2026-06-11 05:32:35] LOG_SEND_ERROR: Document_invalid
[2026-06-11 05:33:24] LOG_SEND_ERROR: Document_invalid
[2026-06-11 05:36:10] LOG_SEND_ERROR: Document_invalid
[2026-06-11 05:36:21] LOG_SEND_ERROR: Document_invalid
[2026-06-11 05:37:01] LOG_SEND_ERROR: Document_invalid
[2026-06-11 05:37:10] LOG_SEND_ERROR: Document_invalid
[2026-06-11 05:41:27] LOG_SEND_ERROR: Document_invalid
[2026-06-11 05:41:42] LOG_SEND_ERROR: Document_invalid
[2026-06-11 05:42:47] LOG_SEND_ERROR: Document_invalid
[2026-06-11 05:43:33] LOG_SEND_ERROR: Document_invalid
[2026-06-11 05:44:34] LOG_SEND_ERROR: Document_invalid
[2026-06-11 05:44:51] LOG_SEND_ERROR: Document_invalid
[2026-06-11 05:45:06] LOG_SEND_ERROR: Document_invalid
[2026-06-11 05:45:15] LOG_SEND_ERROR: Document_invalid
[2026-06-11 06:03:58] LOG_SEND_ERROR: Document_invalid
[2026-06-11 06:04:15] LOG_SEND_ERROR: Document_invalid
[2026-06-11 06:07:29] SHUVO BOT started — PID 2899
[2026-06-11 06:25:03] SHUVO BOT started — PID 1079
[2026-06-11 06:28:02] SHUVO BOT started — PID 1678
[2026-06-11 06:43:10] SHUVO BOT started — PID 3008
[2026-06-11 06:46:33] SHUVO BOT started — PID 3391
[2026-06-11 18:41:10] SHUVO BOT started — PID 214
[2026-06-12 03:50:48] SHUVO BOT started — PID 1011
[2026-06-12 03:57:37] SHUVO BOT started — PID 2027
[2026-06-12 04:02:17] SHUVO BOT started — PID 2545
[2026-06-12 04:52:53] SHUVO BOT started — PID 213
[2026-06-12 05:01:17] LOG_SEND_ERROR: Document_invalid
[2026-06-12 05:01:25] LOG_SEND_ERROR: Document_invalid
[2026-06-12 05:05:46] SHUVO BOT started — PID 817
[2026-06-12 05:09:30] LOG_SEND_ERROR: Document_invalid
[2026-06-12 05:10:53] LOG_SEND_ERROR: Document_invalid
[2026-06-12 05:13:15] SHUVO BOT started — PID 1372
[2026-06-12 05:20:25] LOG_SEND_ERROR: Document_invalid
[2026-06-12 05:40:31] SHUVO BOT started — PID 189
[2026-06-12 05:42:12] SHUVO BOT started — PID 395
[2026-06-12 05:43:35] SHUVO BOT started — PID 185
[2026-06-12 05:47:13] SHUVO BOT started — PID 483
[2026-06-12 05:47:54] SHUVO BOT started — PID 199
[2026-06-12 05:49:05] LOG_SEND_ERROR: Document_invalid
[2026-06-12 05:50:58] SHUVO BOT started — PID 508
[2026-06-12 05:56:50] SHUVO BOT started — PID 171
[2026-06-12 06:02:41] SHUVO BOT started — PID 196
[2026-06-12 06:02:51] LOG_SEND_ERROR: Document_invalid
[2026-06-12 06:02:55] LOG_SEND_ERROR: Document_invalid
[2026-06-12 06:03:12] LOG_SEND_ERROR: Document_invalid
[2026-06-12 06:04:52] LOG_SEND_ERROR: Document_invalid
[2026-06-12 06:05:26] LOG_SEND_ERROR: Document_invalid
[2026-06-12 06:13:31] SHUVO BOT started — PID 1320
[2026-06-12 06:15:12] SHUVO BOT started — PID 1624
[2026-06-12 17:10:24] SHUVO BOT started — PID 209
[2026-06-12 17:35:49] SHUVO BOT started — PID 285
[2026-06-12 18:58:00] SHUVO BOT started — PID 191
[2026-06-12 19:01:52] LOG_SEND_ERROR: Document_invalid
[2026-06-12 19:02:47] LOG_SEND_ERROR: Document_invalid
[2026-06-13 05:25:23] SHUVO BOT started — PID 136
[2026-06-13 05:33:09] SHUVO BOT started — PID 746
[2026-06-13 06:04:05] SHUVO BOT started — PID 1439
[2026-06-13 06:08:53] SHUVO BOT started — PID 1923
[2026-06-13 06:12:12] SHUVO BOT started — PID 2513
[2026-06-13 06:16:04] SHUVO BOT started — PID 2929
[2026-06-13 06:24:32] LOG_SEND_ERROR: Document_invalid
[2026-06-13 06:24:49] LOG_SEND_ERROR: Document_invalid
[2026-06-13 06:24:53] SHUVO BOT started — PID 3637
[2026-06-13 06:25:58] LOG_SEND_ERROR: Document_invalid
[2026-06-13 06:26:02] LOG_SEND_ERROR: Document_invalid
[2026-06-13 06:28:14] SHUVO BOT started — PID 4111
[2026-06-13 07:03:28] LOG_SEND_ERROR: Document_invalid
[2026-06-13 07:33:08] LOG_SEND_ERROR: Document_invalid
[2026-06-13 07:33:22] LOG_SEND_ERROR: Document_invalid
[2026-06-13 07:33:43] LOG_SEND_ERROR: Document_invalid
[2026-06-13 07:33:52] LOG_SEND_ERROR: Document_invalid
[2026-06-13 07:34:04] LOG_SEND_ERROR: Document_invalid
[2026-06-13 07:35:01] LOG_SEND_ERROR: Document_invalid
[2026-06-13 07:35:06] LOG_SEND_ERROR: Document_invalid
[2026-06-13 07:37:21] LOG_SEND_ERROR: Document_invalid
[2026-06-13 07:37:26] LOG_SEND_ERROR: Document_invalid
[2026-06-13 07:39:33] LOG_SEND_ERROR: Document_invalid
[2026-06-13 07:39:39] LOG_SEND_ERROR: Document_invalid
[2026-06-13 07:42:19] LOG_SEND_ERROR: Document_invalid
[2026-06-13 07:42:25] LOG_SEND_ERROR: Document_invalid
[2026-06-13 07:47:40] NEW USER: 8684872125 (@N/A | Priyanshi) joined
[2026-06-13 07:47:40] LOG_SEND_ERROR: Document_invalid
[2026-06-13 07:48:18] LOG_SEND_ERROR: Document_invalid
[2026-06-13 07:48:23] LOG_SEND_ERROR: Document_invalid
[2026-06-13 07:49:26] LOG_SEND_ERROR: Document_invalid
[2026-06-13 07:49:31] LOG_SEND_ERROR: Document_invalid
[2026-06-13 07:50:14] LOG_SEND_ERROR: Document_invalid
[2026-06-13 07:50:19] LOG_SEND_ERROR: Document_invalid
[2026-06-13 07:50:35] LOG_SEND_ERROR: Document_invalid
[2026-06-13 07:50:41] LOG_SEND_ERROR: Document_invalid
[2026-06-13 08:06:54] LOG_SEND_ERROR: Document_invalid
[2026-06-13 08:07:06] LOG_SEND_ERROR: Document_invalid
[2026-06-13 08:07:16] LOG_SEND_ERROR: Document_invalid
[2026-06-13 08:07:21] LOG_SEND_ERROR: Document_invalid
[2026-06-13 08:10:31] LOG_SEND_ERROR: Document_invalid
[2026-06-13 08:10:44] LOG_SEND_ERROR: Document_invalid
[2026-06-13 08:10:47] LOG_SEND_ERROR: Document_invalid
[2026-06-13 08:11:00] LOG_SEND_ERROR: Document_invalid
[2026-06-13 08:11:20] LOG_SEND_ERROR: Document_invalid
[2026-06-13 08:11:41] LOG_SEND_ERROR: Document_invalid
[2026-06-13 08:11:49] LOG_SEND_ERROR: Document_invalid
[2026-06-13 08:11:52] LOG_SEND_ERROR: Document_invalid
[2026-06-13 08:11:59] LOG_SEND_ERROR: Document_invalid
[2026-06-13 08:12:13] LOG_SEND_ERROR: Document_invalid
[2026-06-13 08:12:40] LOG_SEND_ERROR: Document_invalid
[2026-06-13 08:12:55] LOG_SEND_ERROR: Document_invalid
[2026-06-13 08:13:55] LOG_SEND_ERROR: Document_invalid
[2026-06-13 08:14:20] LOG_SEND_ERROR: Document_invalid
[2026-06-13 08:14:33] LOG_SEND_ERROR: Document_invalid
[2026-06-13 08:14:42] LOG_SEND_ERROR: Document_invalid
[2026-06-13 08:14:42] NEW USER: 7763874358 (@Ramjixboss | 『 𝙍𝙖𝙢𝙟𝙞 𝘽𝙤𝙨𝙨™ 』🔱) joined
[2026-06-13 08:14:45] LOG_SEND_ERROR: Document_invalid
[2026-06-13 08:14:55] LOG_SEND_ERROR: Document_invalid
[2026-06-13 08:15:57] LOG_SEND_ERROR: Document_invalid
[2026-06-13 08:16:16] LOG_SEND_ERROR: Document_invalid
[2026-06-13 08:17:57] LOG_SEND_ERROR: Document_invalid
[2026-06-13 08:23:48] LOG_SEND_ERROR: Document_invalid
[2026-06-13 08:24:11] LOG_SEND_ERROR: Document_invalid
[2026-06-13 08:24:58] LOG_SEND_ERROR: Document_invalid
[2026-06-13 08:25:05] LOG_SEND_ERROR: Document_invalid
[2026-06-13 08:25:18] LOG_SEND_ERROR: Document_invalid
[2026-06-13 08:29:32] LOG_SEND_ERROR: Document_invalid
[2026-06-13 08:29:43] LOG_SEND_ERROR: Document_invalid
[2026-06-13 08:29:57] LOG_SEND_ERROR: Document_invalid
[2026-06-13 08:30:14] LOG_SEND_ERROR: Document_invalid
[2026-06-13 08:30:33] LOG_SEND_ERROR: Document_invalid
[2026-06-13 08:32:04] LOG_SEND_ERROR: Document_invalid
[2026-06-13 08:32:11] LOG_SEND_ERROR: Document_invalid
[2026-06-13 08:54:32] LOG_SEND_ERROR: Document_invalid
[2026-06-13 08:54:36] LOG_SEND_ERROR: Document_invalid
[2026-06-13 09:17:21] LOG_SEND_ERROR: Document_invalid
[2026-06-13 09:17:26] LOG_SEND_ERROR: Document_invalid
[2026-06-13 09:26:29] LOG_SEND_ERROR: Document_invalid
[2026-06-13 09:26:39] LOG_SEND_ERROR: Document_invalid
[2026-06-13 09:26:54] LOG_SEND_ERROR: Document_invalid
[2026-06-13 09:27:05] LOG_SEND_ERROR: Document_invalid
[2026-06-13 09:27:17] LOG_SEND_ERROR: Document_invalid
[2026-06-13 09:29:05] LOG_SEND_ERROR: Document_invalid
[2026-06-13 09:29:13] LOG_SEND_ERROR: Document_invalid
[2026-06-13 09:29:29] LOG_SEND_ERROR: Document_invalid
[2026-06-13 09:29:41] LOG_SEND_ERROR: Document_invalid
[2026-06-13 09:33:45] LOG_SEND_ERROR: Document_invalid
[2026-06-13 09:34:34] LOG_SEND_ERROR: Document_invalid
[2026-06-13 09:35:48] LOG_SEND_ERROR: Document_invalid
[2026-06-13 09:37:20] LOG_SEND_ERROR: Document_invalid
[2026-06-13 09:40:06] LOG_SEND_ERROR: Document_invalid
[2026-06-13 09:40:32] LOG_SEND_ERROR: Document_invalid
[2026-06-13 09:43:01] LOG_SEND_ERROR: Document_invalid
[2026-06-13 09:43:20] LOG_SEND_ERROR: Document_invalid
[2026-06-13 09:44:04] LOG_SEND_ERROR: Document_invalid
[2026-06-13 09:44:26] LOG_SEND_ERROR: Document_invalid
[2026-06-13 09:44:59] LOG_SEND_ERROR: Document_invalid
[2026-06-13 09:45:18] LOG_SEND_ERROR: Document_invalid
[2026-06-13 09:50:44] LOG_SEND_ERROR: Document_invalid
[2026-06-13 11:03:04] LOG_SEND_ERROR: Document_invalid
[2026-06-13 11:07:08] LOG_SEND_ERROR: Document_invalid
[2026-06-13 11:07:13] LOG_SEND_ERROR: Document_invalid
[2026-06-13 11:07:36] LOG_SEND_ERROR: Document_invalid
[2026-06-13 11:07:50] LOG_SEND_ERROR: Document_invalid
[2026-06-13 11:07:58] LOG_SEND_ERROR: Document_invalid
[2026-06-13 11:08:13] LOG_SEND_ERROR: Document_invalid
[2026-06-13 13:43:02] SHUVO BOT started — PID 161
[2026-06-13 13:46:21] SHUVO BOT started — PID 641
[2026-06-13 13:57:14] SHUVO BOT started — PID 1531
[2026-06-13 14:01:18] SHUVO BOT started — PID 2106
[2026-06-13 14:11:39] SHUVO BOT started — PID 2916
[2026-06-13 14:12:03] SHUVO BOT started — PID 3002
[2026-06-13 14:20:55] LOG_SEND_ERROR: Document_invalid
[2026-06-13 15:08:52] SHUVO BOT started — PID 319
[2026-06-13 15:10:37] LOG_SEND_ERROR: Document_invalid
[2026-06-13 15:11:01] LOG_SEND_ERROR: Document_invalid
[2026-06-13 15:19:40] [BROADCAST] Admin 8600328303 text broadcast: HRLLO GUYS 😎 → 49/68 users
[2026-06-13 15:28:49] LOG_SEND_ERROR: Document_invalid
[2026-06-13 15:31:26] LOG_SEND_ERROR: Document_invalid
[2026-06-13 15:37:43] SHUVO BOT started — PID 328
[2026-06-13 15:43:55] LOG_SEND_ERROR: Document_invalid
[2026-06-13 15:45:31] LOG_SEND_ERROR: Document_invalid
[2026-06-13 15:46:00] LOG_SEND_ERROR: Document_invalid
[2026-06-13 15:46:01] LOG_SEND_ERROR: Document_invalid
[2026-06-13 15:46:38] LOG_SEND_ERROR: Document_invalid
[2026-06-13 15:47:32] LOG_SEND_ERROR: Document_invalid
[2026-06-13 15:51:05] SHUVO BOT started — PID 340
[2026-06-13 16:50:15] SHUVO BOT started — PID 332
[2026-06-13 16:56:02] [BROADCAST] Admin 8600328303 text broadcast: PELO SALE BC KUTTE KO JO MARJE BOL SAKTE HO BREAK UP KA GUSSA OHH SORRY BREAK UP → 48/68 users
[2026-06-13 17:10:24] LOG_SEND_ERROR: Document_invalid
[2026-06-13 17:10:45] LOG_SEND_ERROR: Document_invalid
[2026-06-13 17:10:59] LOG_SEND_ERROR: Document_invalid
[2026-06-13 17:11:03] LOG_SEND_ERROR: Document_invalid
[2026-06-13 17:14:42] LOG_SEND_ERROR: Document_invalid
[2026-06-13 17:15:12] LOG_SEND_ERROR: Document_invalid
[2026-06-13 17:15:30] NEW USER: 8407906457 (@error4f | ERROR 404) joined
[2026-06-13 17:15:31] LOG_SEND_ERROR: Document_invalid
[2026-06-13 17:15:43] LOG_SEND_ERROR: Document_invalid
[2026-06-13 17:36:22] LOG_SEND_ERROR: Document_invalid
[2026-06-13 17:38:59] LOG_SEND_ERROR: Document_invalid
[2026-06-13 17:39:14] LOG_SEND_ERROR: Document_invalid
[2026-06-13 18:14:16] LOG_SEND_ERROR: Document_invalid
[2026-06-13 18:14:46] LOG_SEND_ERROR: Document_invalid
[2026-06-13 18:14:54] LOG_SEND_ERROR: Document_invalid
[2026-06-13 18:15:05] LOG_SEND_ERROR: Document_invalid
[2026-06-14 13:38:10] SHUVO BOT started — PID 282
[2026-06-14 14:04:30] SHUVO BOT started — PID 317
[2026-06-14 14:38:57] SHUVO BOT started — PID 345
[2026-06-14 15:13:11] SHUVO BOT started — PID 270
[2026-06-24 15:26:48] SHUVO BOT started — PID 1101
[2026-06-24 15:40:21] SHUVO BOT started — PID 331
[2026-06-24 15:43:21] SHUVO BOT started — PID 690
[2026-06-24 15:48:16] SHUVO BOT started — PID 1149
[2026-06-24 15:50:22] SHUVO BOT started — PID 1590
[2026-06-24 15:57:26] SHUVO BOT started — PID 2087
[2026-06-24 16:01:28] SHUVO BOT started — PID 2564
[2026-06-24 16:29:54] SHUVO BOT started — PID 327
[2026-06-24 16:33:03] SHUVO BOT started — PID 507
[2026-06-24 16:48:26] LOG_SEND_ERROR: Document_invalid
[2026-06-24 16:48:47] LOG_SEND_ERROR: Document_invalid
[2026-06-24 16:51:11] LOG_SEND_ERROR: Document_invalid
[2026-06-24 16:51:32] LOG_SEND_ERROR: Document_invalid
[2026-06-24 16:51:36] LOG_SEND_ERROR: Document_invalid
[2026-06-24 16:52:32] LOG_SEND_ERROR: Document_invalid
[2026-06-24 16:52:41] LOG_SEND_ERROR: Document_invalid
[2026-06-24 16:56:16] SHUVO BOT started — PID 307
[2026-06-24 16:58:10] LOG_SEND_ERROR: Document_invalid
[2026-06-24 16:58:16] LOG_SEND_ERROR: Document_invalid
[2026-06-24 16:58:20] LOG_SEND_ERROR: Document_invalid
[2026-06-24 16:58:38] LOG_SEND_ERROR: Document_invalid
[2026-06-24 17:21:33] SHUVO BOT started — PID 326
[2026-06-24 17:26:29] SHUVO BOT started — PID 489
[2026-06-25 01:42:25] SHUVO BOT started — PID 309
[2026-06-25 01:45:37] SHUVO BOT started — PID 462
[2026-06-25 01:49:02] LOG_SEND_ERROR: Document_invalid
[2026-06-25 01:49:13] LOG_SEND_ERROR: Document_invalid
[2026-06-25 01:49:23] LOG_SEND_ERROR: Document_invalid
[2026-06-25 01:49:37] LOG_SEND_ERROR: Document_invalid
[2026-06-25 01:50:50] SHUVO BOT started — PID 810
[2026-06-25 01:55:51] SHUVO BOT started — PID 1172
[2026-06-25 02:05:05] SHUVO BOT started — PID 1712
[2026-06-25 02:06:23] NEW USER: 5601484715 (@Yr_himanshu | 去你的🎟⸙ꠋꠋꠋꠋꠋꠋꠋꠋꠋꠋꠋꠋꠋꠋꠋꠋꠋꠋꠋꠋꠋꠋꠋꠋꠋꠋꠋꠋꠋꠋꠋꠋꠋꠋꠋꠋꠋꠋꠋꠋꠋꠋꠋꠋꠋ𒅒๏์์์์์์์์์์์์) joined
[2026-06-25 02:06:23] LOG_SEND_ERROR: Document_invalid
[2026-06-25 02:26:10] SHUVO BOT started — PID 304
[2026-06-25 05:31:18] SHUVO BOT started — PID 352
[2026-06-25 05:40:04] SHUVO BOT started — PID 889
[2026-06-25 05:52:20] SHUVO BOT started — PID 1301
[2026-06-25 06:00:32] NEW USER: 8944507082 (@Jawadxtech | JACKS x Ꮋ𝟺ᴄK ☠️ ⸙Ⓥ) joined
[2026-06-25 06:01:07] SHUVO BOT started — PID 1624
[2026-06-25 06:12:19] SHUVO BOT started — PID 2195
[2026-06-25 06:35:00] LOG_SEND_ERROR: Document_invalid
[2026-06-25 06:48:10] LOG_SEND_ERROR: Document_invalid
[2026-06-25 06:49:55] LOG_SEND_ERROR: Document_invalid
[2026-06-25 07:02:44] LOG_SEND_ERROR: Document_invalid
[2026-06-25 07:12:48] LOG_SEND_ERROR: Document_invalid
[2026-06-25 07:12:59] LOG_SEND_ERROR: Document_invalid
[2026-06-25 07:13:03] LOG_SEND_ERROR: Document_invalid
[2026-06-25 07:13:18] LOG_SEND_ERROR: Document_invalid
[2026-06-25 07:13:44] LOG_SEND_ERROR: Document_invalid
[2026-06-25 07:13:52] LOG_SEND_ERROR: Document_invalid
[2026-06-25 07:14:01] LOG_SEND_ERROR: Document_invalid
[2026-06-25 07:14:02] LOG_SEND_ERROR: Document_invalid
[2026-06-25 07:14:07] LOG_SEND_ERROR: Document_invalid
[2026-06-25 07:14:30] LOG_SEND_ERROR: Document_invalid
[2026-06-25 07:14:34] LOG_SEND_ERROR: Document_invalid
[2026-06-25 07:31:00] LOG_SEND_ERROR: Document_invalid
[2026-06-25 07:31:59] LOG_SEND_ERROR: Document_invalid
[2026-06-25 08:32:28] LOG_SEND_ERROR: Document_invalid
[2026-06-25 08:32:57] LOG_SEND_ERROR: Document_invalid
[2026-06-25 08:33:16] LOG_SEND_ERROR: Document_invalid
[2026-06-25 08:33:32] LOG_SEND_ERROR: Document_invalid
[2026-06-25 08:33:40] LOG_SEND_ERROR: Document_invalid
[2026-06-25 08:34:22] LOG_SEND_ERROR: Document_invalid
[2026-06-25 08:34:39] LOG_SEND_ERROR: Document_invalid
[2026-06-25 08:35:06] LOG_SEND_ERROR: Document_invalid
[2026-06-25 09:11:44] SHUVO BOT started — PID 2585
[2026-06-26 06:13:10] SHUVO BOT started — PID 282
[2026-06-26 06:14:25] SHUVO BOT started — PID 428
[2026-06-26 06:25:03] SHUVO BOT started — PID 824
[2026-06-26 06:28:48] SHUVO BOT started — PID 1178
[2026-06-26 06:34:16] SHUVO BOT started — PID 1497
[2026-06-26 06:35:08] LOG_SEND_ERROR: Document_invalid
[2026-06-26 06:35:09] LOG_SEND_ERROR: Document_invalid
[2026-06-26 06:35:53] LOG_SEND_ERROR: Document_invalid
[2026-06-26 12:15:01] SHUVO BOT started — PID 284
[2026-06-26 12:18:41] LOG_SEND_ERROR: Document_invalid
[2026-06-26 12:18:42] LOG_SEND_ERROR: Document_invalid
[2026-06-26 12:19:39] LOG_SEND_ERROR: Document_invalid
[2026-06-26 12:24:49] LOG_SEND_ERROR: Document_invalid
[2026-06-26 12:24:56] LOG_SEND_ERROR: Document_invalid
[2026-06-26 12:25:12] LOG_SEND_ERROR: Document_invalid
[2026-06-26 12:25:50] SHUVO BOT started — PID 430
[2026-06-26 12:42:22] SHUVO BOT started — PID 277
[2026-06-26 12:42:53] LOG_SEND_ERROR: Document_invalid
[2026-06-26 12:43:31] LOG_SEND_ERROR: Document_invalid
[2026-06-26 12:44:37] LOG_SEND_ERROR: Document_invalid
[2026-06-26 12:44:44] LOG_SEND_ERROR: Document_invalid
[2026-06-26 12:45:09] LOG_SEND_ERROR: Document_invalid
[2026-06-26 12:45:54] LOG_SEND_ERROR: Document_invalid
[2026-06-26 12:46:21] LOG_SEND_ERROR: Document_invalid
[2026-06-26 12:46:39] LOG_SEND_ERROR: Document_invalid
[2026-06-26 12:47:12] LOG_SEND_ERROR: Document_invalid
[2026-06-26 12:47:12] LOG_SEND_ERROR: Document_invalid
[2026-06-26 12:47:44] LOG_SEND_ERROR: Document_invalid
[2026-06-26 12:48:07] LOG_SEND_ERROR: Document_invalid
[2026-06-26 12:48:32] LOG_SEND_ERROR: Document_invalid
[2026-06-26 12:48:52] LOG_SEND_ERROR: Document_invalid
[2026-06-26 12:49:19] LOG_SEND_ERROR: Document_invalid
[2026-06-26 12:49:40] LOG_SEND_ERROR: Document_invalid
[2026-06-26 12:49:59] LOG_SEND_ERROR: Document_invalid
[2026-06-26 12:50:01] LOG_SEND_ERROR: Document_invalid
[2026-06-26 12:50:23] LOG_SEND_ERROR: Document_invalid
[2026-06-26 12:50:37] LOG_SEND_ERROR: Document_invalid
[2026-06-26 12:51:08] LOG_SEND_ERROR: Document_invalid
[2026-06-27 06:47:12] SHUVO BOT started — PID 285
[2026-06-27 06:51:44] NEW USER: 6740937515 (@Yasinbai71 | YASIN) joined
[2026-06-27 06:51:44] LOG_SEND_ERROR: Document_invalid
[2026-06-27 06:52:01] LOG_SEND_ERROR: Document_invalid
[2026-06-27 06:52:47] LOG_SEND_ERROR: Document_invalid
[2026-06-27 06:53:01] LOG_SEND_ERROR: Document_invalid
[2026-06-27 06:53:14] LOG_SEND_ERROR: Document_invalid
[2026-06-27 06:53:17] LOG_SEND_ERROR: Document_invalid
[2026-06-27 06:53:52] LOG_SEND_ERROR: Document_invalid
[2026-06-27 14:40:11] SHUVO BOT started — PID 278
[2026-06-27 14:46:17] SHUVO BOT started — PID 933
[2026-06-27 15:01:44] SHUVO BOT started — PID 318
[2026-06-27 15:11:08] SHUVO BOT started — PID 989
[2026-06-27 15:14:39] LOG_SEND_ERROR: Document_invalid
[2026-06-27 15:15:30] LOG_SEND_ERROR: Document_invalid
[2026-06-27 15:16:55] SHUVO BOT started — PID 1426
[2026-06-27 15:22:45] SHUVO BOT started — PID 1917
[2026-06-27 15:29:37] SHUVO BOT started — PID 2479
[2026-06-27 15:33:09] SHUVO BOT started — PID 2822
[2026-06-27 15:35:49] SHUVO BOT started — PID 3199
[2026-06-27 15:40:02] SHUVO BOT started — PID 3588
[2026-06-27 15:46:11] SHUVO BOT started — PID 4034
[2026-06-27 15:49:45] SHUVO BOT started — PID 4374
[2026-06-28 15:11:41] SHUVO BOT started — PID 324
[2026-06-28 15:13:55] SHUVO BOT started — PID 587
[2026-06-28 15:18:02] SHUVO BOT started — PID 962
[2026-06-28 15:28:58] SHUVO BOT started — PID 1654
[2026-06-28 15:48:28] SHUVO BOT started — PID 2097
[2026-06-28 16:39:11] SHUVO BOT started — PID 235
[2026-06-28 16:43:05] LOG_SEND_ERROR: Document_invalid
[2026-06-28 17:15:07] SHUVO BOT started — PID 518
[2026-06-28 17:17:15] SHUVO BOT started — PID 913
[2026-06-28 17:30:59] SHUVO BOT started — PID 1498
[2026-06-28 17:40:34] SHUVO BOT started — PID 2222
[2026-06-28 17:59:18] SHUVO BOT started — PID 2721
[2026-06-28 18:00:57] [LOGGROUP] Admin 8600328303 set log group to -1003970225189
[2026-06-28 18:03:12] LOG_SEND_ERROR: Document_invalid
[2026-06-28 18:03:35] LOG_SEND_ERROR: Document_invalid
[2026-06-28 18:06:49] LOG_SEND_ERROR: Document_invalid
[2026-06-29 11:45:39] SHUVO BOT started — PID 297
[2026-06-29 11:46:11] NEW USER: 6758879452 (@N/A | Vikram/) joined
[2026-06-29 11:46:11] LOG_SEND_ERROR: Document_invalid
[2026-06-29 11:46:43] SHUVO BOT started — PID 476
[2026-06-29 11:56:40] SHUVO BOT started — PID 1096
[2026-06-29 11:58:09] LOG_SEND_ERROR: Document_invalid
[2026-06-29 11:59:32] LOG_SEND_ERROR: Document_invalid
[2026-06-29 11:59:46] LOG_SEND_ERROR: Document_invalid
[2026-06-29 11:59:49] LOG_SEND_ERROR: Document_invalid
[2026-06-29 12:00:14] LOG_SEND_ERROR: Document_invalid
[2026-06-29 12:00:35] LOG_SEND_ERROR: Document_invalid
[2026-06-29 12:01:14] LOG_SEND_ERROR: Document_invalid
[2026-06-29 12:04:40] LOG_SEND_ERROR: Document_invalid
[2026-06-29 12:04:58] LOG_SEND_ERROR: Document_invalid
[2026-06-29 12:05:13] SHUVO BOT started — PID 1553
[2026-06-29 12:05:18] LOG_SEND_ERROR: Document_invalid
[2026-06-29 12:06:09] LOG_SEND_ERROR: Document_invalid
[2026-06-29 12:07:08] [UPDATE] Admin 8600328303 updated yt-dlp → v2026.06.09
[2026-06-29 12:12:20] SHUVO BOT started — PID 2127
[2026-06-29 12:17:10] SHUVO BOT started — PID 2491
[2026-06-30 05:27:53] SHUVO BOT started — PID 229
[2026-06-30 08:15:18] SHUVO BOT started — PID 328
[2026-07-01 06:31:18] SHUVO BOT started — PID 336
[2026-07-01 06:37:17] SHUVO BOT started — PID 845
[2026-07-01 06:48:45] SHUVO BOT started — PID 1785
[2026-07-01 06:52:29] SHUVO BOT started — PID 2184
[2026-07-01 06:55:05] SHUVO BOT started — PID 2562
[2026-07-01 06:57:59] SHUVO BOT started — PID 2835
[2026-07-01 07:06:07] SHUVO BOT started — PID 3436
[2026-07-01 07:08:07] SHUVO BOT started — PID 3680
[2026-07-01 07:13:16] SHUVO BOT started — PID 4011
[2026-07-01 08:02:03] SHUVO BOT started — PID 4431
[2026-07-01 08:12:19] SHUVO BOT started — PID 5255
[2026-07-01 16:40:06] SHUVO BOT started — PID 276
[2026-07-02 10:29:34] SHUVO BOT started — PID 275
[2026-07-02 10:32:55] SHUVO BOT started — PID 595
[2026-07-02 10:58:40] SHUVO BOT started — PID 285
[2026-07-02 11:10:38] SHUVO BOT started — PID 764
[2026-07-02 16:05:58] SHUVO BOT started — PID 277
[2026-07-02 16:09:51] [UPDATE] Admin 8600328303 updated yt-dlp → v2026.06.09
[2026-07-02 16:20:39] SHUVO BOT started — PID 291
[2026-07-02 16:32:35] SHUVO BOT started — PID 767
[2026-07-02 17:05:23] SHUVO BOT started — PID 278
[2026-07-02 17:09:49] [UPDATE] Admin 8600328303 updated yt-dlp → v2026.06.09
[2026-07-03 08:05:40] SHUVO BOT started — PID 295
[2026-07-09 17:14:45] SHUVO BOT started — PID 307
[2026-07-23 12:51:58] SHUVO BOT started — PID 24780
[2026-07-23 13:06:43] SHUVO BOT started — PID 21081
[2026-07-23 13:07:09] NEW USER: 8137776838 (@N/A | Iᴍᴍᴏʀᴛᴀʟ Dᴀᴅʏ |) joined
[2026-07-23 14:30:44] SHUVO BOT started — PID 8153
[2026-07-23 08:47:03] SHUVO BOT started — PID 447
[2026-07-23 08:50:36] SHUVO BOT started — PID 683
[2026-07-23 09:01:42] SHUVO BOT started — PID 828
[2026-07-23 09:05:55] LOG_SEND_ERROR: Document_invalid
[2026-07-23 09:07:58] LOG_SEND_ERROR: Document_invalid
[2026-07-23 09:12:22] LOG_SEND_ERROR: Document_invalid
